Build started 22-Sep-14 6:42:44 PM.
     1>Project "C:\Python27\portaudio\build\msvc\portaudio.vcxproj" on node 2 (Build target(s)).
     1>C:\Program Files (x86)\MSBuild\Microsoft.Cpp\v4.0\V110\Microsoft.CppBuild.targets(1137,5): warning MSB8012: TargetPath(C:\Python27\portaudio\build\msvc\Win32\Release\portaudio.dll) does not match the Linker's OutputFile property value (C:\Python27\portaudio\build\msvc\Win32\Release\portaudio_x86.dll). This may cause your project to build incorrectly. To correct this, please make sure that $(OutDir), $(TargetName) and $(TargetExt) property values match the value specified in %(Link.OutputFile).
     1>C:\Program Files (x86)\MSBuild\Microsoft.Cpp\v4.0\V110\Microsoft.CppBuild.targets(1139,5): warning MSB8012: TargetName(portaudio) does not match the Linker's OutputFile property value (portaudio_x86). This may cause your project to build incorrectly. To correct this, please make sure that $(OutDir), $(TargetName) and $(TargetExt) property values match the value specified in %(Link.OutputFile).
     1>Link:
         C:\Program Files (x86)\Microsoft Visual Studio 11.0\VC\bin\link.exe /ERRORREPORT:PROMPT /OUT:"Win32\Release\portaudio_x86.dll" /INCREMENTAL:NO /NOLOGO kernel32.lib user32.lib gdi32.lib winspool.lib comdlg32.lib advapi32.lib shell32.lib ole32.lib oleaut32.lib uuid.lib odbc32.lib odbccp32.lib /DEF:".\portaudio.def" /MANIFEST /MANIFESTUAC:"level='asInvoker' uiAccess='false'" /manifest:embed /PDB:"Win32\Release\portaudio_x86.pdb" /TLBID:1 /DYNAMICBASE /NXCOMPAT /IMPLIB:"Win32\Release\portaudio_x86.lib" /MACHINE:X86 /SAFESEH /DLL Win32\Release\pa_allocation.obj
         Win32\Release\pa_converters.obj
         Win32\Release\pa_cpuload.obj
         Win32\Release\pa_debugprint.obj
         Win32\Release\pa_dither.obj
         Win32\Release\pa_front.obj
         Win32\Release\pa_hostapi_skeleton.obj
         Win32\Release\pa_process.obj
         Win32\Release\pa_ringbuffer.obj
         Win32\Release\pa_stream.obj
         Win32\Release\pa_trace.obj
         Win32\Release\pa_win_ds.obj
         Win32\Release\pa_win_ds_dynlink.obj
         Win32\Release\pa_win_wmme.obj
         Win32\Release\pa_win_wasapi.obj
         Win32\Release\pa_win_wdmks.obj
         Win32\Release\pa_win_coinitialize.obj
         Win32\Release\pa_win_hostapis.obj
         Win32\Release\pa_win_util.obj
         Win32\Release\pa_win_waveformat.obj
         Win32\Release\pa_win_wdmks_utils.obj
         Win32\Release\pa_x86_plain_converters.obj
            Creating library Win32\Release\portaudio_x86.lib and object Win32\Release\portaudio_x86.exp
         portaudio.vcxproj -> C:\Python27\portaudio\build\msvc\Win32\Release\portaudio.dll
     1>Done Building Project "C:\Python27\portaudio\build\msvc\portaudio.vcxproj" (Build target(s)).

Build succeeded.

Time Elapsed 00:00:00.21
