Build started 22-Sep-14 6:33:07 PM.
     1>Project "C:\Python27\portaudio\build\msvc\portaudio.vcxproj" on node 2 (Build target(s)).
     1>Link:
         C:\Program Files (x86)\Microsoft Visual Studio 11.0\VC\bin\link.exe /ERRORREPORT:PROMPT /OUT:"Win32\Debug\portaudio.dll" /INCREMENTAL /NOLOGO kernel32.lib user32.lib gdi32.lib winspool.lib comdlg32.lib advapi32.lib shell32.lib ole32.lib oleaut32.lib uuid.lib odbc32.lib odbccp32.lib /DEF:".\portaudio.def" /MANIFEST /MANIFESTUAC:"level='asInvoker' uiAccess='false'" /manifest:embed /DEBUG /PDB:"Win32\Debug\portaudio_x86.pdb" /TLBID:1 /DYNAMICBASE /NXCOMPAT /IMPLIB:"Win32\Debug\portaudio_x86.lib" /MACHINE:X86 /SAFESEH /DLL Win32\Debug\pa_allocation.obj
         Win32\Debug\pa_converters.obj
         Win32\Debug\pa_cpuload.obj
         Win32\Debug\pa_debugprint.obj
         Win32\Debug\pa_dither.obj
         Win32\Debug\pa_front.obj
         Win32\Debug\pa_hostapi_skeleton.obj
         Win32\Debug\pa_process.obj
         Win32\Debug\pa_ringbuffer.obj
         Win32\Debug\pa_stream.obj
         Win32\Debug\pa_trace.obj
         Win32\Debug\pa_win_ds.obj
         Win32\Debug\pa_win_ds_dynlink.obj
         Win32\Debug\pa_win_wmme.obj
         Win32\Debug\pa_win_wasapi.obj
         Win32\Debug\pa_win_wdmks.obj
         Win32\Debug\pa_win_coinitialize.obj
         Win32\Debug\pa_win_hostapis.obj
         Win32\Debug\pa_win_util.obj
         Win32\Debug\pa_win_waveformat.obj
         Win32\Debug\pa_win_wdmks_utils.obj
         Win32\Debug\pa_x86_plain_converters.obj
     1>pa_allocation.obj : warning LNK4075: ignoring '/EDITANDCONTINUE' due to '/SAFESEH' specification
            Creating library Win32\Debug\portaudio_x86.lib and object Win32\Debug\portaudio_x86.exp
         portaudio.vcxproj -> C:\Python27\portaudio\build\msvc\Win32\Debug\portaudio.dll
     1>Done Building Project "C:\Python27\portaudio\build\msvc\portaudio.vcxproj" (Build target(s)).

Build succeeded.

Time Elapsed 00:00:00.60
