C:\PYTHON27\PORTAUDIO\BUILD\MSVC\WIN32\DEBUG\PA_CPULOAD.OBJ
C:\PYTHON27\PORTAUDIO\BUILD\MSVC\WIN32\DEBUG\PA_DEBUGPRINT.OBJ
C:\PYTHON27\PORTAUDIO\BUILD\MSVC\WIN32\DEBUG\PA_DITHER.OBJ
C:\PYTHON27\PORTAUDIO\BUILD\MSVC\WIN32\DEBUG\PA_FRONT.OBJ
C:\PYTHON27\PORTAUDIO\BUILD\MSVC\WIN32\DEBUG\PA_HOSTAPI_SKELETON.OBJ
C:\PYTHON27\PORTAUDIO\BUILD\MSVC\WIN32\DEBUG\PA_PROCESS.OBJ
C:\PYTHON27\PORTAUDIO\BUILD\MSVC\WIN32\DEBUG\PA_RINGBUFFER.OBJ
C:\PYTHON27\PORTAUDIO\BUILD\MSVC\WIN32\DEBUG\PA_STREAM.OBJ
C:\PYTHON27\PORTAUDIO\BUILD\MSVC\WIN32\DEBUG\PA_TRACE.OBJ
C:\PYTHON27\PORTAUDIO\BUILD\MSVC\WIN32\DEBUG\PA_WIN_DS.OBJ
C:\PYTHON27\PORTAUDIO\BUILD\MSVC\WIN32\DEBUG\PA_WIN_DS_DYNLINK.OBJ
C:\PYTHON27\PORTAUDIO\BUILD\MSVC\WIN32\DEBUG\PA_WIN_WMME.OBJ
C:\PYTHON27\PORTAUDIO\BUILD\MSVC\WIN32\DEBUG\PA_WIN_WASAPI.OBJ
C:\PYTHON27\PORTAUDIO\BUILD\MSVC\WIN32\DEBUG\PA_WIN_WDMKS.OBJ
C:\PYTHON27\PORTAUDIO\BUILD\MSVC\WIN32\DEBUG\PA_WIN_COINITIALIZE.OBJ
C:\PYTHON27\PORTAUDIO\BUILD\MSVC\WIN32\DEBUG\PA_WIN_HOSTAPIS.OBJ
C:\PYTHON27\PORTAUDIO\BUILD\MSVC\WIN32\DEBUG\PA_WIN_UTIL.OBJ
C:\PYTHON27\PORTAUDIO\BUILD\MSVC\WIN32\DEBUG\PA_WIN_WAVEFORMAT.OBJ
C:\PYTHON27\PORTAUDIO\BUILD\MSVC\WIN32\DEBUG\PA_WIN_WDMKS_UTILS.OBJ
C:\PYTHON27\PORTAUDIO\BUILD\MSVC\WIN32\DEBUG\PA_X86_PLAIN_CONVERTERS.OBJ
C:\PYTHON27\PORTAUDIO\BUILD\MSVC\WIN32\DEBUG\PA_ALLOCATION.OBJ
C:\PYTHON27\PORTAUDIO\BUILD\MSVC\WIN32\DEBUG\PA_CONVERTERS.OBJ
C:\PYTHON27\PORTAUDIO\BUILD\MSVC\WIN32\DEBUG\VC110.PDB
C:\Python27\portaudio\build\msvc\Win32\Debug\pa_allocation.obj
C:\Python27\portaudio\build\msvc\Win32\Debug\pa_converters.obj
C:\Python27\portaudio\build\msvc\Win32\Debug\pa_cpuload.obj
C:\Python27\portaudio\build\msvc\Win32\Debug\pa_debugprint.obj
C:\Python27\portaudio\build\msvc\Win32\Debug\pa_dither.obj
C:\Python27\portaudio\build\msvc\Win32\Debug\pa_front.obj
C:\Python27\portaudio\build\msvc\Win32\Debug\pa_hostapi_skeleton.obj
C:\Python27\portaudio\build\msvc\Win32\Debug\pa_process.obj
C:\Python27\portaudio\build\msvc\Win32\Debug\pa_ringbuffer.obj
C:\Python27\portaudio\build\msvc\Win32\Debug\pa_stream.obj
C:\Python27\portaudio\build\msvc\Win32\Debug\pa_trace.obj
C:\Python27\portaudio\build\msvc\Win32\Debug\pa_win_coinitialize.obj
C:\Python27\portaudio\build\msvc\Win32\Debug\pa_win_ds.obj
C:\Python27\portaudio\build\msvc\Win32\Debug\pa_win_ds_dynlink.obj
C:\Python27\portaudio\build\msvc\Win32\Debug\pa_win_hostapis.obj
C:\Python27\portaudio\build\msvc\Win32\Debug\pa_win_util.obj
C:\Python27\portaudio\build\msvc\Win32\Debug\pa_win_wasapi.obj
C:\Python27\portaudio\build\msvc\Win32\Debug\pa_win_waveformat.obj
C:\Python27\portaudio\build\msvc\Win32\Debug\pa_win_wdmks.obj
C:\Python27\portaudio\build\msvc\Win32\Debug\pa_win_wdmks_utils.obj
C:\Python27\portaudio\build\msvc\Win32\Debug\pa_win_wmme.obj
C:\Python27\portaudio\build\msvc\Win32\Debug\pa_x86_plain_converters.obj
C:\Python27\portaudio\build\msvc\Win32\Debug\cl.command.1.tlog
C:\Python27\portaudio\build\msvc\Win32\Debug\CL.read.1.tlog
C:\Python27\portaudio\build\msvc\Win32\Debug\CL.write.1.tlog
C:\Python27\portaudio\build\msvc\Win32\Debug\link.command.1.tlog
C:\Python27\portaudio\build\msvc\Win32\Debug\link.read.1.tlog
C:\Python27\portaudio\build\msvc\Win32\Debug\link.write.1.tlog
C:\Python27\portaudio\build\msvc\Win32\Debug\vc110.idb
C:\Python27\portaudio\build\msvc\Win32\Debug\vc110.pdb
